C:\USERS\JANKAT\DOCUMENTS\VISUAL STUDIO 2012\PROJECTS\CS300TH4\DEBUG\SOURCE.OBJ
C:\USERS\JANKAT\DOCUMENTS\VISUAL STUDIO 2012\PROJECTS\CS300TH4\DEBUG\VC110.PDB
C:\USERS\JANKAT\DOCUMENTS\VISUAL STUDIO 2012\PROJECTS\CS300TH4\DEBUG\STADIUM.OBJ
C:\Users\Jankat\Documents\Visual Studio 2012\Projects\cs300th4\Debug\Source.obj
C:\Users\Jankat\Documents\Visual Studio 2012\Projects\cs300th4\Debug\Stadium.obj
C:\Users\Jankat\Documents\Visual Studio 2012\Projects\cs300th4\Debug\cs300th4.ilk
C:\Users\Jankat\Documents\Visual Studio 2012\Projects\cs300th4\Debug\cl.command.1.tlog
C:\Users\Jankat\Documents\Visual Studio 2012\Projects\cs300th4\Debug\CL.read.1.tlog
C:\Users\Jankat\Documents\Visual Studio 2012\Projects\cs300th4\Debug\CL.write.1.tlog
C:\Users\Jankat\Documents\Visual Studio 2012\Projects\cs300th4\Debug\link-cvtres.read.1.tlog
C:\Users\Jankat\Documents\Visual Studio 2012\Projects\cs300th4\Debug\link-cvtres.write.1.tlog
C:\Users\Jankat\Documents\Visual Studio 2012\Projects\cs300th4\Debug\link-rc.read.1.tlog
C:\Users\Jankat\Documents\Visual Studio 2012\Projects\cs300th4\Debug\link-rc.write.1.tlog
C:\Users\Jankat\Documents\Visual Studio 2012\Projects\cs300th4\Debug\link.1348-cvtres.read.1.tlog
C:\Users\Jankat\Documents\Visual Studio 2012\Projects\cs300th4\Debug\link.1348-cvtres.write.1.tlog
C:\Users\Jankat\Documents\Visual Studio 2012\Projects\cs300th4\Debug\link.1348-rc.read.1.tlog
C:\Users\Jankat\Documents\Visual Studio 2012\Projects\cs300th4\Debug\link.1348-rc.write.1.tlog
C:\Users\Jankat\Documents\Visual Studio 2012\Projects\cs300th4\Debug\link.1348.read.1.tlog
C:\Users\Jankat\Documents\Visual Studio 2012\Projects\cs300th4\Debug\link.1348.write.1.tlog
C:\Users\Jankat\Documents\Visual Studio 2012\Projects\cs300th4\Debug\link.13732-cvtres.read.1.tlog
C:\Users\Jankat\Documents\Visual Studio 2012\Projects\cs300th4\Debug\link.13732-cvtres.write.1.tlog
C:\Users\Jankat\Documents\Visual Studio 2012\Projects\cs300th4\Debug\link.13732-rc.read.1.tlog
C:\Users\Jankat\Documents\Visual Studio 2012\Projects\cs300th4\Debug\link.13732-rc.write.1.tlog
C:\Users\Jankat\Documents\Visual Studio 2012\Projects\cs300th4\Debug\link.13732.read.1.tlog
C:\Users\Jankat\Documents\Visual Studio 2012\Projects\cs300th4\Debug\link.13732.write.1.tlog
C:\Users\Jankat\Documents\Visual Studio 2012\Projects\cs300th4\Debug\link.15972-cvtres.read.1.tlog
C:\Users\Jankat\Documents\Visual Studio 2012\Projects\cs300th4\Debug\link.15972-cvtres.write.1.tlog
C:\Users\Jankat\Documents\Visual Studio 2012\Projects\cs300th4\Debug\link.15972-rc.read.1.tlog
C:\Users\Jankat\Documents\Visual Studio 2012\Projects\cs300th4\Debug\link.15972-rc.write.1.tlog
C:\Users\Jankat\Documents\Visual Studio 2012\Projects\cs300th4\Debug\link.15972.read.1.tlog
C:\Users\Jankat\Documents\Visual Studio 2012\Projects\cs300th4\Debug\link.15972.write.1.tlog
C:\Users\Jankat\Documents\Visual Studio 2012\Projects\cs300th4\Debug\link.16104-cvtres.read.1.tlog
C:\Users\Jankat\Documents\Visual Studio 2012\Projects\cs300th4\Debug\link.16104-cvtres.write.1.tlog
C:\Users\Jankat\Documents\Visual Studio 2012\Projects\cs300th4\Debug\link.16104-rc.read.1.tlog
C:\Users\Jankat\Documents\Visual Studio 2012\Projects\cs300th4\Debug\link.16104-rc.write.1.tlog
C:\Users\Jankat\Documents\Visual Studio 2012\Projects\cs300th4\Debug\link.16104.read.1.tlog
C:\Users\Jankat\Documents\Visual Studio 2012\Projects\cs300th4\Debug\link.16104.write.1.tlog
C:\Users\Jankat\Documents\Visual Studio 2012\Projects\cs300th4\Debug\link.17384-cvtres.read.1.tlog
C:\Users\Jankat\Documents\Visual Studio 2012\Projects\cs300th4\Debug\link.17384-cvtres.write.1.tlog
C:\Users\Jankat\Documents\Visual Studio 2012\Projects\cs300th4\Debug\link.17384-rc.read.1.tlog
C:\Users\Jankat\Documents\Visual Studio 2012\Projects\cs300th4\Debug\link.17384-rc.write.1.tlog
C:\Users\Jankat\Documents\Visual Studio 2012\Projects\cs300th4\Debug\link.17384.read.1.tlog
C:\Users\Jankat\Documents\Visual Studio 2012\Projects\cs300th4\Debug\link.17384.write.1.tlog
C:\Users\Jankat\Documents\Visual Studio 2012\Projects\cs300th4\Debug\link.19812-cvtres.read.1.tlog
C:\Users\Jankat\Documents\Visual Studio 2012\Projects\cs300th4\Debug\link.19812-cvtres.write.1.tlog
C:\Users\Jankat\Documents\Visual Studio 2012\Projects\cs300th4\Debug\link.19812-rc.read.1.tlog
C:\Users\Jankat\Documents\Visual Studio 2012\Projects\cs300th4\Debug\link.19812-rc.write.1.tlog
C:\Users\Jankat\Documents\Visual Studio 2012\Projects\cs300th4\Debug\link.19812.read.1.tlog
C:\Users\Jankat\Documents\Visual Studio 2012\Projects\cs300th4\Debug\link.19812.write.1.tlog
C:\Users\Jankat\Documents\Visual Studio 2012\Projects\cs300th4\Debug\link.20972-cvtres.read.1.tlog
C:\Users\Jankat\Documents\Visual Studio 2012\Projects\cs300th4\Debug\link.20972-cvtres.write.1.tlog
C:\Users\Jankat\Documents\Visual Studio 2012\Projects\cs300th4\Debug\link.20972-rc.read.1.tlog
C:\Users\Jankat\Documents\Visual Studio 2012\Projects\cs300th4\Debug\link.20972-rc.write.1.tlog
C:\Users\Jankat\Documents\Visual Studio 2012\Projects\cs300th4\Debug\link.20972.read.1.tlog
C:\Users\Jankat\Documents\Visual Studio 2012\Projects\cs300th4\Debug\link.20972.write.1.tlog
C:\Users\Jankat\Documents\Visual Studio 2012\Projects\cs300th4\Debug\link.21656-cvtres.read.1.tlog
C:\Users\Jankat\Documents\Visual Studio 2012\Projects\cs300th4\Debug\link.21656-cvtres.write.1.tlog
C:\Users\Jankat\Documents\Visual Studio 2012\Projects\cs300th4\Debug\link.21656-rc.read.1.tlog
C:\Users\Jankat\Documents\Visual Studio 2012\Projects\cs300th4\Debug\link.21656-rc.write.1.tlog
C:\Users\Jankat\Documents\Visual Studio 2012\Projects\cs300th4\Debug\link.21656.read.1.tlog
C:\Users\Jankat\Documents\Visual Studio 2012\Projects\cs300th4\Debug\link.21656.write.1.tlog
C:\Users\Jankat\Documents\Visual Studio 2012\Projects\cs300th4\Debug\link.8040-cvtres.read.1.tlog
C:\Users\Jankat\Documents\Visual Studio 2012\Projects\cs300th4\Debug\link.8040-cvtres.write.1.tlog
C:\Users\Jankat\Documents\Visual Studio 2012\Projects\cs300th4\Debug\link.8040-rc.read.1.tlog
C:\Users\Jankat\Documents\Visual Studio 2012\Projects\cs300th4\Debug\link.8040-rc.write.1.tlog
C:\Users\Jankat\Documents\Visual Studio 2012\Projects\cs300th4\Debug\link.8040.read.1.tlog
C:\Users\Jankat\Documents\Visual Studio 2012\Projects\cs300th4\Debug\link.8040.write.1.tlog
C:\Users\Jankat\Documents\Visual Studio 2012\Projects\cs300th4\Debug\link.command.1.tlog
C:\Users\Jankat\Documents\Visual Studio 2012\Projects\cs300th4\Debug\link.read.1.tlog
C:\Users\Jankat\Documents\Visual Studio 2012\Projects\cs300th4\Debug\link.write.1.tlog
C:\Users\Jankat\Documents\Visual Studio 2012\Projects\cs300th4\Debug\vc110.idb
C:\Users\Jankat\Documents\Visual Studio 2012\Projects\cs300th4\Debug\cs300th4.pdb
C:\Users\Jankat\Documents\Visual Studio 2012\Projects\cs300th4\Debug\vc110.pdb
C:\Users\Jankat\Documents\Visual Studio 2012\Projects\cs300th4\Debug\cs300th4.exe
