C:\USERS\JANKAT\DOCUMENTS\VISUAL STUDIO 2012\PROJECTS\CS300TH1\DEBUG\MYMAIN.OBJ
C:\USERS\JANKAT\DOCUMENTS\VISUAL STUDIO 2012\PROJECTS\CS300TH1\DEBUG\MY_HEAP.OBJ
C:\USERS\JANKAT\DOCUMENTS\VISUAL STUDIO 2012\PROJECTS\CS300TH1\DEBUG\VC110.PDB
C:\USERS\JANKAT\DOCUMENTS\VISUAL STUDIO 2012\PROJECTS\CS300TH1\DEBUG\CS300TH1.ILK
C:\USERS\JANKAT\DOCUMENTS\VISUAL STUDIO 2012\PROJECTS\CS300TH1\DEBUG\CS300TH1.EXE
C:\USERS\JANKAT\DOCUMENTS\VISUAL STUDIO 2012\PROJECTS\CS300TH1\DEBUG\CS300TH1.PDB
G:\Documents\GitHub\Data-Structures-Homeworks\hw1-Memory Usage Simulation\cs300th1\Debug\mymain.obj
G:\Documents\GitHub\Data-Structures-Homeworks\hw1-Memory Usage Simulation\cs300th1\Debug\my_heap.obj
G:\Documents\GitHub\Data-Structures-Homeworks\hw1-Memory Usage Simulation\cs300th1\Debug\cs300th1.ilk
G:\Documents\GitHub\Data-Structures-Homeworks\hw1-Memory Usage Simulation\cs300th1\Debug\cl.command.1.tlog
G:\Documents\GitHub\Data-Structures-Homeworks\hw1-Memory Usage Simulation\cs300th1\Debug\CL.read.1.tlog
G:\Documents\GitHub\Data-Structures-Homeworks\hw1-Memory Usage Simulation\cs300th1\Debug\CL.write.1.tlog
G:\Documents\GitHub\Data-Structures-Homeworks\hw1-Memory Usage Simulation\cs300th1\Debug\link-cvtres.read.1.tlog
G:\Documents\GitHub\Data-Structures-Homeworks\hw1-Memory Usage Simulation\cs300th1\Debug\link-cvtres.write.1.tlog
G:\Documents\GitHub\Data-Structures-Homeworks\hw1-Memory Usage Simulation\cs300th1\Debug\link-rc.read.1.tlog
G:\Documents\GitHub\Data-Structures-Homeworks\hw1-Memory Usage Simulation\cs300th1\Debug\link-rc.write.1.tlog
G:\Documents\GitHub\Data-Structures-Homeworks\hw1-Memory Usage Simulation\cs300th1\Debug\link.13316-cvtres.read.1.tlog
G:\Documents\GitHub\Data-Structures-Homeworks\hw1-Memory Usage Simulation\cs300th1\Debug\link.13316-cvtres.write.1.tlog
G:\Documents\GitHub\Data-Structures-Homeworks\hw1-Memory Usage Simulation\cs300th1\Debug\link.13316-rc.read.1.tlog
G:\Documents\GitHub\Data-Structures-Homeworks\hw1-Memory Usage Simulation\cs300th1\Debug\link.13316-rc.write.1.tlog
G:\Documents\GitHub\Data-Structures-Homeworks\hw1-Memory Usage Simulation\cs300th1\Debug\link.13316.read.1.tlog
G:\Documents\GitHub\Data-Structures-Homeworks\hw1-Memory Usage Simulation\cs300th1\Debug\link.13316.write.1.tlog
G:\Documents\GitHub\Data-Structures-Homeworks\hw1-Memory Usage Simulation\cs300th1\Debug\link.8776-cvtres.read.1.tlog
G:\Documents\GitHub\Data-Structures-Homeworks\hw1-Memory Usage Simulation\cs300th1\Debug\link.8776-cvtres.write.1.tlog
G:\Documents\GitHub\Data-Structures-Homeworks\hw1-Memory Usage Simulation\cs300th1\Debug\link.8776-rc.read.1.tlog
G:\Documents\GitHub\Data-Structures-Homeworks\hw1-Memory Usage Simulation\cs300th1\Debug\link.8776-rc.write.1.tlog
G:\Documents\GitHub\Data-Structures-Homeworks\hw1-Memory Usage Simulation\cs300th1\Debug\link.8776.read.1.tlog
G:\Documents\GitHub\Data-Structures-Homeworks\hw1-Memory Usage Simulation\cs300th1\Debug\link.8776.write.1.tlog
G:\Documents\GitHub\Data-Structures-Homeworks\hw1-Memory Usage Simulation\cs300th1\Debug\link.command.1.tlog
G:\Documents\GitHub\Data-Structures-Homeworks\hw1-Memory Usage Simulation\cs300th1\Debug\link.read.1.tlog
G:\Documents\GitHub\Data-Structures-Homeworks\hw1-Memory Usage Simulation\cs300th1\Debug\link.write.1.tlog
G:\Documents\GitHub\Data-Structures-Homeworks\hw1-Memory Usage Simulation\cs300th1\Debug\vc110.idb
G:\Documents\GitHub\Data-Structures-Homeworks\hw1-Memory Usage Simulation\cs300th1\Debug\cs300th1.pdb
G:\Documents\GitHub\Data-Structures-Homeworks\hw1-Memory Usage Simulation\cs300th1\Debug\vc110.pdb
G:\Documents\GitHub\Data-Structures-Homeworks\hw1-Memory Usage Simulation\cs300th1\Debug\cs300th1.exe
